<?xml version="1.0" encoding="UTF-8"?>
<!-- Generated by org.testng.reporters.JUnitXMLReporter -->
<testsuite ignored="3" hostname="BePham" failures="0" tests="1" name="Default test" time="8.545" errors="0" timestamp="2026-02-11T23:50:23 GMT+07:00">
  <testcase classname="Railway.BookTicketTest" name="TC15" time="3.197"/>
  <testcase classname="Railway.BookTicketTest" name="TC14" time="0.0">
    <ignored/>
  </testcase> <!-- TC14 -->
  <testcase classname="Railway.BookTicketTest" name="TC13" time="0.0">
    <ignored/>
  </testcase> <!-- TC13 -->
  <testcase classname="Railway.BookTicketTest" name="TC12" time="0.0">
    <ignored/>
  </testcase> <!-- TC12 -->
</testsuite> <!-- Default test -->
