<?xml version="1.0" encoding="UTF-8"?>
<testng-results ignored="3" total="4" passed="1" failed="0" skipped="0">
  <reporter-output>
  </reporter-output>
  <suite started-at="2026-02-11T23:50:14 GMT+07:00" name="Default suite" finished-at="2026-02-11T23:50:23 GMT+07:00" duration-ms="8545">
    <groups>
    </groups>
    <test started-at="2026-02-11T23:50:14 GMT+07:00" name="Default test" finished-at="2026-02-11T23:50:23 GMT+07:00" duration-ms="8545">
      <class name="Railway.BookTicketTest">
        <test-method is-config="true" signature="beforeMethod()[pri:0, instance:Railway.BookTicketTest@7ec7ffd3]" started-at="2026-02-11T23:50:14 GMT+07:00" name="beforeMethod" finished-at="2026-02-11T23:50:15 GMT+07:00" duration-ms="1139" status="PASS">
          <reporter-output>
          </reporter-output>
        </test-method> <!-- beforeMethod -->
        <test-method is-config="true" signature="initalTest()[pri:0, instance:Railway.BookTicketTest@7ec7ffd3]" started-at="2026-02-11T23:50:15 GMT+07:00" name="initalTest" finished-at="2026-02-11T23:50:20 GMT+07:00" duration-ms="4176" status="PASS">
          <reporter-output>
          </reporter-output>
        </test-method> <!-- initalTest -->
        <test-method signature="TC15()[pri:0, instance:Railway.BookTicketTest@7ec7ffd3]" started-at="2026-02-11T23:50:20 GMT+07:00" name="TC15" finished-at="2026-02-11T23:50:23 GMT+07:00" duration-ms="3197" status="PASS">
          <reporter-output>
          </reporter-output>
        </test-method> <!-- TC15 -->
      </class> <!-- Railway.BookTicketTest -->
    </test> <!-- Default test -->
  </suite> <!-- Default suite -->
</testng-results>
