<?xml version="1.0" encoding="UTF-8"?>
<testng-results ignored="4" total="5" passed="1" failed="0" skipped="0">
  <reporter-output>
  </reporter-output>
  <suite started-at="2026-02-04T22:35:53 ICT" name="Default suite" finished-at="2026-02-04T22:35:59 ICT" duration-ms="6615">
    <groups>
    </groups>
    <test started-at="2026-02-04T22:35:53 ICT" name="Default test" finished-at="2026-02-04T22:35:59 ICT" duration-ms="6615">
      <class name="Railway.LoginTest">
        <test-method is-config="true" signature="beforeMethod()[pri:0, instance:Railway.LoginTest@3754a4bf]" started-at="2026-02-04T22:35:53 ICT" name="beforeMethod" finished-at="2026-02-04T22:35:55 ICT" duration-ms="2605" status="PASS">
          <reporter-output>
          </reporter-output>
        </test-method> <!-- beforeMethod -->
        <test-method signature="TC05()[pri:0, instance:Railway.LoginTest@3754a4bf]" started-at="2026-02-04T22:35:55 ICT" name="TC05" finished-at="2026-02-04T22:35:59 ICT" duration-ms="3816" status="PASS">
          <reporter-output>
          </reporter-output>
        </test-method> <!-- TC05 -->
        <test-method is-config="true" signature="afterMethod()[pri:0, instance:Railway.LoginTest@3754a4bf]" started-at="2026-02-04T22:35:59 ICT" name="afterMethod" finished-at="2026-02-04T22:35:59 ICT" duration-ms="158" status="PASS">
          <reporter-output>
          </reporter-output>
        </test-method> <!-- afterMethod -->
      </class> <!-- Railway.LoginTest -->
    </test> <!-- Default test -->
  </suite> <!-- Default suite -->
</testng-results>
