<?xml version="1.0" encoding="UTF-8"?>
<testng-results ignored="0" total="1" passed="1" failed="0" skipped="0">
  <reporter-output>
  </reporter-output>
  <suite started-at="2026-02-10T19:12:21 GMT+07:00" name="Default suite" finished-at="2026-02-10T19:12:30 GMT+07:00" duration-ms="8981">
    <groups>
    </groups>
    <test started-at="2026-02-10T19:12:21 GMT+07:00" name="Default test" finished-at="2026-02-10T19:12:30 GMT+07:00" duration-ms="8981">
      <class name="Railway.BookTicketTest">
        <test-method is-config="true" signature="beforeMethod()[pri:0, instance:Railway.BookTicketTest@1aa7ecca]" started-at="2026-02-10T19:12:21 GMT+07:00" name="beforeMethod" finished-at="2026-02-10T19:12:22 GMT+07:00" duration-ms="1176" status="PASS">
          <reporter-output>
          </reporter-output>
        </test-method> <!-- beforeMethod -->
        <test-method is-config="true" signature="initalTest()[pri:0, instance:Railway.BookTicketTest@1aa7ecca]" started-at="2026-02-10T19:12:22 GMT+07:00" name="initalTest" finished-at="2026-02-10T19:12:22 GMT+07:00" duration-ms="3" status="PASS">
          <reporter-output>
          </reporter-output>
        </test-method> <!-- initalTest -->
        <test-method signature="TC12()[pri:0, instance:Railway.BookTicketTest@1aa7ecca]" started-at="2026-02-10T19:12:22 GMT+07:00" name="TC12" finished-at="2026-02-10T19:12:30 GMT+07:00" duration-ms="7763" status="PASS">
          <reporter-output>
          </reporter-output>
        </test-method> <!-- TC12 -->
      </class> <!-- Railway.BookTicketTest -->
    </test> <!-- Default test -->
  </suite> <!-- Default suite -->
</testng-results>
